C:\USERS\RYANCHAN\DROPBOX\CS174C_ASSIGNMENT2\BUILD\ANIM.OBJ
C:\USERS\RYANCHAN\DROPBOX\CS174C_ASSIGNMENT2\BUILD\ANIMTCL.OBJ
C:\USERS\RYANCHAN\DROPBOX\CS174C_ASSIGNMENT2\BUILD\BASEOBJECT.OBJ
C:\USERS\RYANCHAN\DROPBOX\CS174C_ASSIGNMENT2\BUILD\BASESIMULATOR.OBJ
C:\USERS\RYANCHAN\DROPBOX\CS174C_ASSIGNMENT2\BUILD\BASESYSTEM.OBJ
C:\USERS\RYANCHAN\DROPBOX\CS174C_ASSIGNMENT2\BUILD\GLOBALRESOURCEMANAGER.OBJ
C:\USERS\RYANCHAN\DROPBOX\CS174C_ASSIGNMENT2\BUILD\MYSCENE.OBJ
C:\USERS\RYANCHAN\DROPBOX\CS174C_ASSIGNMENT2\BUILD\PARTICLESIMULATOR.OBJ
C:\USERS\RYANCHAN\DROPBOX\CS174C_ASSIGNMENT2\BUILD\PARTICLESYSTEM.OBJ
C:\USERS\RYANCHAN\DROPBOX\CS174C_ASSIGNMENT2\BUILD\RESOURCEMANAGER.OBJ
C:\USERS\RYANCHAN\DROPBOX\CS174C_ASSIGNMENT2\BUILD\SAMPLEGRAVITYSIMULATOR.OBJ
C:\USERS\RYANCHAN\DROPBOX\CS174C_ASSIGNMENT2\BUILD\SAMPLEPARTICLE.OBJ
C:\USERS\RYANCHAN\DROPBOX\CS174C_ASSIGNMENT2\BUILD\VC110.PDB
C:\USERS\RYANCHAN\DROPBOX\CS174C_ASSIGNMENT2\BUILD\ANIM.ILK
C:\USERS\RYANCHAN\DROPBOX\CS174C_ASSIGNMENT2\BUILD\ANIM.EXE
C:\USERS\RYANCHAN\DROPBOX\CS174C_ASSIGNMENT2\BUILD\ANIM.PDB
C:\Users\RyanChan\Dropbox\CS174C_assignment2\Build\anim.obj
C:\Users\RyanChan\Dropbox\CS174C_assignment2\Build\animTcl.obj
C:\Users\RyanChan\Dropbox\CS174C_assignment2\Build\BaseObject.obj
C:\Users\RyanChan\Dropbox\CS174C_assignment2\Build\BaseSimulator.obj
C:\Users\RyanChan\Dropbox\CS174C_assignment2\Build\BaseSystem.obj
C:\Users\RyanChan\Dropbox\CS174C_assignment2\Build\GlobalResourceManager.obj
C:\Users\RyanChan\Dropbox\CS174C_assignment2\Build\myScene.obj
C:\Users\RyanChan\Dropbox\CS174C_assignment2\Build\ParticleSimulator.obj
C:\Users\RyanChan\Dropbox\CS174C_assignment2\Build\ParticleSystem.obj
C:\Users\RyanChan\Dropbox\CS174C_assignment2\Build\ResourceManager.obj
C:\Users\RyanChan\Dropbox\CS174C_assignment2\Build\SampleGravitySimulator.obj
C:\Users\RyanChan\Dropbox\CS174C_assignment2\Build\SampleParticle.obj
C:\Users\RyanChan\Dropbox\CS174C_assignment2\Build\anim.ilk
C:\Users\RyanChan\Dropbox\CS174C_assignment2\Build\cl.command.1.tlog
C:\Users\RyanChan\Dropbox\CS174C_assignment2\Build\CL.read.1.tlog
C:\Users\RyanChan\Dropbox\CS174C_assignment2\Build\CL.write.1.tlog
C:\Users\RyanChan\Dropbox\CS174C_assignment2\Build\link-cvtres.read.1.tlog
C:\Users\RyanChan\Dropbox\CS174C_assignment2\Build\link-cvtres.write.1.tlog
C:\Users\RyanChan\Dropbox\CS174C_assignment2\Build\link-rc.read.1.tlog
C:\Users\RyanChan\Dropbox\CS174C_assignment2\Build\link-rc.write.1.tlog
C:\Users\RyanChan\Dropbox\CS174C_assignment2\Build\link.10100-cvtres.read.1.tlog
C:\Users\RyanChan\Dropbox\CS174C_assignment2\Build\link.10100-cvtres.write.1.tlog
C:\Users\RyanChan\Dropbox\CS174C_assignment2\Build\link.10100-rc.read.1.tlog
C:\Users\RyanChan\Dropbox\CS174C_assignment2\Build\link.10100-rc.write.1.tlog
C:\Users\RyanChan\Dropbox\CS174C_assignment2\Build\link.10100.read.1.tlog
C:\Users\RyanChan\Dropbox\CS174C_assignment2\Build\link.10100.write.1.tlog
C:\Users\RyanChan\Dropbox\CS174C_assignment2\Build\link.11140-cvtres.read.1.tlog
C:\Users\RyanChan\Dropbox\CS174C_assignment2\Build\link.11140-cvtres.write.1.tlog
C:\Users\RyanChan\Dropbox\CS174C_assignment2\Build\link.11140-rc.read.1.tlog
C:\Users\RyanChan\Dropbox\CS174C_assignment2\Build\link.11140-rc.write.1.tlog
C:\Users\RyanChan\Dropbox\CS174C_assignment2\Build\link.11140.read.1.tlog
C:\Users\RyanChan\Dropbox\CS174C_assignment2\Build\link.11140.write.1.tlog
C:\Users\RyanChan\Dropbox\CS174C_assignment2\Build\link.command.1.tlog
C:\Users\RyanChan\Dropbox\CS174C_assignment2\Build\link.read.1.tlog
C:\Users\RyanChan\Dropbox\CS174C_assignment2\Build\link.write.1.tlog
C:\Users\RyanChan\Dropbox\CS174C_assignment2\Build\vc110.idb
C:\Users\RyanChan\Dropbox\CS174C_assignment2\Build\anim.pdb
C:\Users\RyanChan\Dropbox\CS174C_assignment2\Build\vc110.pdb
C:\Users\RyanChan\Dropbox\CS174C_assignment2\Build\anim.exe
